2015/04/12 00:56:18 [error] [exception.CException] exception 'CException' with message 'El alias "ext.bootstrap.components.Booster" es inválido. Asegúrese de que apunta a un archivo PHP y el archivo tiene permisos de lectura.' in C:\wamp\www\framework\YiiBase.php:316
Stack trace:
#0 C:\wamp\www\framework\YiiBase.php(196): YiiBase::import('ext.bootstrap.c...', true)
#1 C:\wamp\www\framework\base\CModule.php(386): YiiBase::createComponent(Array)
#2 C:\wamp\www\framework\base\CModule.php(523): CModule->getComponent('bootstrap')
#3 C:\wamp\www\framework\base\CApplication.php(152): CModule->preloadComponents()
#4 C:\wamp\www\framework\YiiBase.php(125): CApplication->__construct('C:\\wamp\\www\\Rai...')
#5 C:\wamp\www\framework\YiiBase.php(98): YiiBase::createApplication('CWebApplication', 'C:\\wamp\\www\\Rai...')
#6 C:\wamp\www\RaizAPP\index.php(13): YiiBase::createWebApplication('C:\\wamp\\www\\Rai...')
#7 {main}
REQUEST_URI=/RaizAPP/index.php
---
2015/04/12 00:58:54 [error] [exception.CException] exception 'CException' with message 'El alias "booster.widgets.TbBox" es inválido. Asegúrese de que apunta a un archivo PHP y el archivo tiene permisos de lectura.' in C:\wamp\www\framework\YiiBase.php:316
Stack trace:
#0 C:\wamp\www\framework\web\CWidgetFactory.php(146): YiiBase::import('booster.widgets...', true)
#1 C:\wamp\www\framework\web\CBaseController.php(146): CWidgetFactory->createWidget(Object(UsuariosController), 'booster.widgets...', Array)
#2 C:\wamp\www\framework\web\CBaseController.php(172): CBaseController->createWidget('booster.widgets...', Array)
#3 C:\wamp\www\RaizAPP\themes\bootstrap\views\layouts\column2.php(11): CBaseController->widget('booster.widgets...', Array)
#4 C:\wamp\www\framework\web\CBaseController.php(126): require('C:\\wamp\\www\\Rai...')
#5 C:\wamp\www\framework\web\CBaseController.php(95): CBaseController->renderInternal('C:\\wamp\\www\\Rai...', Array, true)
#6 C:\wamp\www\framework\web\CController.php(784): CBaseController->renderFile('C:\\wamp\\www\\Rai...', Array, true)
#7 C:\wamp\www\RaizAPP\protected\controllers\UsuariosController.php(133): CController->render('index', Array)
#8 C:\wamp\www\framework\web\actions\CInlineAction.php(49): UsuariosController->actionIndex()
#9 C:\wamp\www\framework\web\CController.php(308): CInlineAction->runWithParams(Array)
#10 C:\wamp\www\framework\web\filters\CFilterChain.php(133): CController->runAction(Object(CInlineAction))
#11 C:\wamp\www\framework\web\filters\CFilter.php(40): CFilterChain->run()
#12 C:\wamp\www\framework\web\CController.php(1145): CFilter->filter(Object(CFilterChain))
#13 C:\wamp\www\framework\web\filters\CInlineFilter.php(58): CController->filterAccessControl(Object(CFilterChain))
#14 C:\wamp\www\framework\web\filters\CFilterChain.php(130): CInlineFilter->filter(Object(CFilterChain))
#15 C:\wamp\www\framework\web\CController.php(291): CFilterChain->run()
#16 C:\wamp\www\framework\web\CController.php(265): CController->runActionWithFilters(Object(CInlineAction), Array)
#17 C:\wamp\www\framework\web\CWebApplication.php(282): CController->run('')
#18 C:\wamp\www\framework\web\CWebApplication.php(141): CWebApplication->runController('usuarios')
#19 C:\wamp\www\framework\base\CApplication.php(169): CWebApplication->processRequest()
#20 C:\wamp\www\RaizAPP\index.php(13): CApplication->run()
#21 {main}
REQUEST_URI=/RaizAPP/index.php?r=usuarios
HTTP_REFERER=http://localhost:8086/RaizAPP/index.php?r=gii/bootstrap
---
2015/04/12 01:00:34 [error] [exception.CException] exception 'CException' with message 'El alias "booster.widgets.TbBox" es inválido. Asegúrese de que apunta a un archivo PHP y el archivo tiene permisos de lectura.' in C:\wamp\www\framework\YiiBase.php:316
Stack trace:
#0 C:\wamp\www\framework\web\CWidgetFactory.php(146): YiiBase::import('booster.widgets...', true)
#1 C:\wamp\www\framework\web\CBaseController.php(146): CWidgetFactory->createWidget(Object(UsuariosController), 'booster.widgets...', Array)
#2 C:\wamp\www\framework\web\CBaseController.php(172): CBaseController->createWidget('booster.widgets...', Array)
#3 C:\wamp\www\RaizAPP\themes\bootstrap\views\layouts\column2.php(11): CBaseController->widget('booster.widgets...', Array)
#4 C:\wamp\www\framework\web\CBaseController.php(126): require('C:\\wamp\\www\\Rai...')
#5 C:\wamp\www\framework\web\CBaseController.php(95): CBaseController->renderInternal('C:\\wamp\\www\\Rai...', Array, true)
#6 C:\wamp\www\framework\web\CController.php(784): CBaseController->renderFile('C:\\wamp\\www\\Rai...', Array, true)
#7 C:\wamp\www\RaizAPP\protected\controllers\UsuariosController.php(133): CController->render('index', Array)
#8 C:\wamp\www\framework\web\actions\CInlineAction.php(49): UsuariosController->actionIndex()
#9 C:\wamp\www\framework\web\CController.php(308): CInlineAction->runWithParams(Array)
#10 C:\wamp\www\framework\web\filters\CFilterChain.php(133): CController->runAction(Object(CInlineAction))
#11 C:\wamp\www\framework\web\filters\CFilter.php(40): CFilterChain->run()
#12 C:\wamp\www\framework\web\CController.php(1145): CFilter->filter(Object(CFilterChain))
#13 C:\wamp\www\framework\web\filters\CInlineFilter.php(58): CController->filterAccessControl(Object(CFilterChain))
#14 C:\wamp\www\framework\web\filters\CFilterChain.php(130): CInlineFilter->filter(Object(CFilterChain))
#15 C:\wamp\www\framework\web\CController.php(291): CFilterChain->run()
#16 C:\wamp\www\framework\web\CController.php(265): CController->runActionWithFilters(Object(CInlineAction), Array)
#17 C:\wamp\www\framework\web\CWebApplication.php(282): CController->run('')
#18 C:\wamp\www\framework\web\CWebApplication.php(141): CWebApplication->runController('usuarios')
#19 C:\wamp\www\framework\base\CApplication.php(169): CWebApplication->processRequest()
#20 C:\wamp\www\RaizAPP\index.php(13): CApplication->run()
#21 {main}
REQUEST_URI=/RaizAPP/index.php?r=usuarios
HTTP_REFERER=http://localhost:8086/RaizAPP/index.php?r=gii/bootstrap
---
2015/04/12 01:00:35 [error] [exception.CException] exception 'CException' with message 'El alias "booster.widgets.TbBox" es inválido. Asegúrese de que apunta a un archivo PHP y el archivo tiene permisos de lectura.' in C:\wamp\www\framework\YiiBase.php:316
Stack trace:
#0 C:\wamp\www\framework\web\CWidgetFactory.php(146): YiiBase::import('booster.widgets...', true)
#1 C:\wamp\www\framework\web\CBaseController.php(146): CWidgetFactory->createWidget(Object(UsuariosController), 'booster.widgets...', Array)
#2 C:\wamp\www\framework\web\CBaseController.php(172): CBaseController->createWidget('booster.widgets...', Array)
#3 C:\wamp\www\RaizAPP\themes\bootstrap\views\layouts\column2.php(11): CBaseController->widget('booster.widgets...', Array)
#4 C:\wamp\www\framework\web\CBaseController.php(126): require('C:\\wamp\\www\\Rai...')
#5 C:\wamp\www\framework\web\CBaseController.php(95): CBaseController->renderInternal('C:\\wamp\\www\\Rai...', Array, true)
#6 C:\wamp\www\framework\web\CController.php(784): CBaseController->renderFile('C:\\wamp\\www\\Rai...', Array, true)
#7 C:\wamp\www\RaizAPP\protected\controllers\UsuariosController.php(133): CController->render('index', Array)
#8 C:\wamp\www\framework\web\actions\CInlineAction.php(49): UsuariosController->actionIndex()
#9 C:\wamp\www\framework\web\CController.php(308): CInlineAction->runWithParams(Array)
#10 C:\wamp\www\framework\web\filters\CFilterChain.php(133): CController->runAction(Object(CInlineAction))
#11 C:\wamp\www\framework\web\filters\CFilter.php(40): CFilterChain->run()
#12 C:\wamp\www\framework\web\CController.php(1145): CFilter->filter(Object(CFilterChain))
#13 C:\wamp\www\framework\web\filters\CInlineFilter.php(58): CController->filterAccessControl(Object(CFilterChain))
#14 C:\wamp\www\framework\web\filters\CFilterChain.php(130): CInlineFilter->filter(Object(CFilterChain))
#15 C:\wamp\www\framework\web\CController.php(291): CFilterChain->run()
#16 C:\wamp\www\framework\web\CController.php(265): CController->runActionWithFilters(Object(CInlineAction), Array)
#17 C:\wamp\www\framework\web\CWebApplication.php(282): CController->run('')
#18 C:\wamp\www\framework\web\CWebApplication.php(141): CWebApplication->runController('usuarios')
#19 C:\wamp\www\framework\base\CApplication.php(169): CWebApplication->processRequest()
#20 C:\wamp\www\RaizAPP\index.php(13): CApplication->run()
#21 {main}
REQUEST_URI=/RaizAPP/index.php?r=usuarios
HTTP_REFERER=http://localhost:8086/RaizAPP/index.php?r=gii/bootstrap
---
2015/04/12 01:01:03 [error] [exception.CException] exception 'CException' with message 'El alias "booster.widgets.TbBox" es inválido. Asegúrese de que apunta a un archivo PHP y el archivo tiene permisos de lectura.' in C:\wamp\www\framework\YiiBase.php:316
Stack trace:
#0 C:\wamp\www\framework\web\CWidgetFactory.php(146): YiiBase::import('booster.widgets...', true)
#1 C:\wamp\www\framework\web\CBaseController.php(146): CWidgetFactory->createWidget(Object(UsuariosController), 'booster.widgets...', Array)
#2 C:\wamp\www\framework\web\CBaseController.php(172): CBaseController->createWidget('booster.widgets...', Array)
#3 C:\wamp\www\RaizAPP\themes\bootstrap\views\layouts\column2.php(11): CBaseController->widget('booster.widgets...', Array)
#4 C:\wamp\www\framework\web\CBaseController.php(126): require('C:\\wamp\\www\\Rai...')
#5 C:\wamp\www\framework\web\CBaseController.php(95): CBaseController->renderInternal('C:\\wamp\\www\\Rai...', Array, true)
#6 C:\wamp\www\framework\web\CController.php(784): CBaseController->renderFile('C:\\wamp\\www\\Rai...', Array, true)
#7 C:\wamp\www\RaizAPP\protected\controllers\UsuariosController.php(133): CController->render('index', Array)
#8 C:\wamp\www\framework\web\actions\CInlineAction.php(49): UsuariosController->actionIndex()
#9 C:\wamp\www\framework\web\CController.php(308): CInlineAction->runWithParams(Array)
#10 C:\wamp\www\framework\web\filters\CFilterChain.php(133): CController->runAction(Object(CInlineAction))
#11 C:\wamp\www\framework\web\filters\CFilter.php(40): CFilterChain->run()
#12 C:\wamp\www\framework\web\CController.php(1145): CFilter->filter(Object(CFilterChain))
#13 C:\wamp\www\framework\web\filters\CInlineFilter.php(58): CController->filterAccessControl(Object(CFilterChain))
#14 C:\wamp\www\framework\web\filters\CFilterChain.php(130): CInlineFilter->filter(Object(CFilterChain))
#15 C:\wamp\www\framework\web\CController.php(291): CFilterChain->run()
#16 C:\wamp\www\framework\web\CController.php(265): CController->runActionWithFilters(Object(CInlineAction), Array)
#17 C:\wamp\www\framework\web\CWebApplication.php(282): CController->run('')
#18 C:\wamp\www\framework\web\CWebApplication.php(141): CWebApplication->runController('usuarios')
#19 C:\wamp\www\framework\base\CApplication.php(169): CWebApplication->processRequest()
#20 C:\wamp\www\RaizAPP\index.php(13): CApplication->run()
#21 {main}
REQUEST_URI=/RaizAPP/index.php?r=usuarios
HTTP_REFERER=http://localhost:8086/RaizAPP/index.php?r=gii/bootstrap
---
2015/04/12 01:02:39 [error] [exception.CHttpException.404] exception 'CHttpException' with message 'El sistema no ha podido encontrar la acción "list" solicitada.' in C:\wamp\www\framework\web\CController.php:483
Stack trace:
#0 C:\wamp\www\framework\web\CController.php(270): CController->missingAction('list')
#1 C:\wamp\www\framework\web\CWebApplication.php(282): CController->run('list')
#2 C:\wamp\www\framework\web\CWebApplication.php(141): CWebApplication->runController('usuarios/list')
#3 C:\wamp\www\framework\base\CApplication.php(169): CWebApplication->processRequest()
#4 C:\wamp\www\RaizAPP\index.php(13): CApplication->run()
#5 {main}
REQUEST_URI=/RaizAPP/index.php?r=usuarios/list
---
2015/04/12 01:17:05 [error] [php] include(Bootstrap.php): failed to open stream: No such file or directory (C:\wamp\www\framework\YiiBase.php:421)
Stack trace:
#0 C:\wamp\www\RaizAPP\protected\extensions\bootstrap\widgets\TbBox.php(216): spl_autoload_call()
#1 C:\wamp\www\RaizAPP\protected\extensions\bootstrap\widgets\TbBox.php(110): TbBox->registerClientScript()
#2 C:\wamp\www\framework\web\CBaseController.php(147): TbBox->init()
#3 C:\wamp\www\framework\web\CBaseController.php(172): UsuariosController->createWidget()
#4 C:\wamp\www\RaizAPP\themes\bootstrap\views\layouts\column2.php(12): UsuariosController->widget()
#5 C:\wamp\www\framework\web\CBaseController.php(126): require()
#6 C:\wamp\www\framework\web\CBaseController.php(95): UsuariosController->renderInternal()
#7 C:\wamp\www\framework\web\CController.php(784): UsuariosController->renderFile()
#8 C:\wamp\www\RaizAPP\protected\controllers\UsuariosController.php(133): UsuariosController->render()
#9 C:\wamp\www\framework\web\actions\CInlineAction.php(49): UsuariosController->actionIndex()
#10 C:\wamp\www\framework\web\CController.php(308): CInlineAction->runWithParams()
#11 C:\wamp\www\framework\web\filters\CFilterChain.php(133): UsuariosController->runAction()
#12 C:\wamp\www\framework\web\filters\CFilter.php(40): CFilterChain->run()
#13 C:\wamp\www\framework\web\CController.php(1145): CAccessControlFilter->filter()
#14 C:\wamp\www\framework\web\filters\CInlineFilter.php(58): UsuariosController->filterAccessControl()
#15 C:\wamp\www\framework\web\filters\CFilterChain.php(130): CInlineFilter->filter()
#16 C:\wamp\www\framework\web\CController.php(291): CFilterChain->run()
#17 C:\wamp\www\framework\web\CController.php(265): UsuariosController->runActionWithFilters()
#18 C:\wamp\www\framework\web\CWebApplication.php(282): UsuariosController->run()
#19 C:\wamp\www\framework\web\CWebApplication.php(141): CWebApplication->runController()
#20 C:\wamp\www\framework\base\CApplication.php(169): CWebApplication->processRequest()
#21 C:\wamp\www\RaizAPP\index.php(13): CWebApplication->run()
REQUEST_URI=/RaizAPP/index.php?r=usuarios/
in C:\wamp\www\RaizAPP\protected\extensions\bootstrap\widgets\TbBox.php (216)
in C:\wamp\www\RaizAPP\protected\extensions\bootstrap\widgets\TbBox.php (110)
in C:\wamp\www\RaizAPP\themes\bootstrap\views\layouts\column2.php (12)
2015/04/12 01:49:06 [error] [exception.CHttpException.404] exception 'CHttpException' with message 'El sistema no ha podido encontrar la acción "list" solicitada.' in C:\wamp\www\framework\web\CController.php:483
Stack trace:
#0 C:\wamp\www\framework\web\CController.php(270): CController->missingAction('list')
#1 C:\wamp\www\framework\web\CWebApplication.php(282): CController->run('list')
#2 C:\wamp\www\framework\web\CWebApplication.php(141): CWebApplication->runController('usuarios/list')
#3 C:\wamp\www\framework\base\CApplication.php(169): CWebApplication->processRequest()
#4 C:\wamp\www\RaizAPP\index.php(13): CApplication->run()
#5 {main}
REQUEST_URI=/RaizAPP/index.php?r=usuarios/list
---
2015/04/12 17:16:44 [error] [php] include(EGMap.php): failed to open stream: No such file or directory (C:\wamp\www\framework\YiiBase.php:421)
Stack trace:
#0 C:\wamp\www\RaizAPP\protected\views\site\mapacultivos.php(10): spl_autoload_call()
#1 C:\wamp\www\framework\web\CBaseController.php(126): require()
#2 C:\wamp\www\framework\web\CBaseController.php(95): SiteController->renderInternal()
#3 C:\wamp\www\framework\web\CController.php(869): SiteController->renderFile()
#4 C:\wamp\www\framework\web\CController.php(782): SiteController->renderPartial()
#5 C:\wamp\www\RaizAPP\protected\controllers\SiteController.php(39): SiteController->render()
#6 C:\wamp\www\framework\web\actions\CInlineAction.php(49): SiteController->actionMapa()
#7 C:\wamp\www\framework\web\CController.php(308): CInlineAction->runWithParams()
#8 C:\wamp\www\framework\web\CController.php(286): SiteController->runAction()
#9 C:\wamp\www\framework\web\CController.php(265): SiteController->runActionWithFilters()
#10 C:\wamp\www\framework\web\CWebApplication.php(282): SiteController->run()
#11 C:\wamp\www\framework\web\CWebApplication.php(141): CWebApplication->runController()
#12 C:\wamp\www\framework\base\CApplication.php(169): CWebApplication->processRequest()
#13 C:\wamp\www\RaizAPP\index.php(13): CWebApplication->run()
REQUEST_URI=/RaizAPP/index.php?r=site/mapa
in C:\wamp\www\RaizAPP\protected\views\site\mapacultivos.php (10)
in C:\wamp\www\RaizAPP\protected\controllers\SiteController.php (39)
in C:\wamp\www\RaizAPP\index.php (13)
2015/04/12 18:20:37 [error] [exception.CHttpException.404] exception 'CHttpException' with message 'The requested page does not exist.' in C:\wamp\www\RaizAPP\protected\controllers\PlantasController.php:172
Stack trace:
#0 C:\wamp\www\RaizAPP\protected\controllers\PlantasController.php(127): PlantasController->loadModel('3')
#1 [internal function]: PlantasController->actionDelete('3')
#2 C:\wamp\www\framework\web\actions\CAction.php(108): ReflectionMethod->invokeArgs(Object(PlantasController), Array)
#3 C:\wamp\www\framework\web\actions\CInlineAction.php(47): CAction->runWithParamsInternal(Object(PlantasController), Object(ReflectionMethod), Array)
#4 C:\wamp\www\framework\web\CController.php(308): CInlineAction->runWithParams(Array)
#5 C:\wamp\www\framework\web\filters\CFilterChain.php(133): CController->runAction(Object(CInlineAction))
#6 C:\wamp\www\framework\web\filters\CFilter.php(40): CFilterChain->run()
#7 C:\wamp\www\framework\web\CController.php(1145): CFilter->filter(Object(CFilterChain))
#8 C:\wamp\www\framework\web\filters\CInlineFilter.php(58): CController->filterAccessControl(Object(CFilterChain))
#9 C:\wamp\www\framework\web\filters\CFilterChain.php(130): CInlineFilter->filter(Object(CFilterChain))
#10 C:\wamp\www\framework\web\CController.php(291): CFilterChain->run()
#11 C:\wamp\www\framework\web\CController.php(265): CController->runActionWithFilters(Object(CInlineAction), Array)
#12 C:\wamp\www\framework\web\CWebApplication.php(282): CController->run('delete')
#13 C:\wamp\www\framework\web\CWebApplication.php(141): CWebApplication->runController('plantas/delete')
#14 C:\wamp\www\framework\base\CApplication.php(169): CWebApplication->processRequest()
#15 C:\wamp\www\RaizAPP\index.php(13): CApplication->run()
#16 {main}
REQUEST_URI=/RaizAPP/index.php?r=plantas%2Fdelete&id=3&ajax=plantas-pestes-grid
HTTP_REFERER=http://localhost:8086/RaizAPP/index.php?r=plantas/view&id=1
---
2015/04/12 18:20:44 [error] [exception.CHttpException.404] exception 'CHttpException' with message 'The requested page does not exist.' in C:\wamp\www\RaizAPP\protected\controllers\PlantasController.php:172
Stack trace:
#0 C:\wamp\www\RaizAPP\protected\controllers\PlantasController.php(100): PlantasController->loadModel('2')
#1 [internal function]: PlantasController->actionUpdate('2')
#2 C:\wamp\www\framework\web\actions\CAction.php(108): ReflectionMethod->invokeArgs(Object(PlantasController), Array)
#3 C:\wamp\www\framework\web\actions\CInlineAction.php(47): CAction->runWithParamsInternal(Object(PlantasController), Object(ReflectionMethod), Array)
#4 C:\wamp\www\framework\web\CController.php(308): CInlineAction->runWithParams(Array)
#5 C:\wamp\www\framework\web\filters\CFilterChain.php(133): CController->runAction(Object(CInlineAction))
#6 C:\wamp\www\framework\web\filters\CFilter.php(40): CFilterChain->run()
#7 C:\wamp\www\framework\web\CController.php(1145): CFilter->filter(Object(CFilterChain))
#8 C:\wamp\www\framework\web\filters\CInlineFilter.php(58): CController->filterAccessControl(Object(CFilterChain))
#9 C:\wamp\www\framework\web\filters\CFilterChain.php(130): CInlineFilter->filter(Object(CFilterChain))
#10 C:\wamp\www\framework\web\CController.php(291): CFilterChain->run()
#11 C:\wamp\www\framework\web\CController.php(265): CController->runActionWithFilters(Object(CInlineAction), Array)
#12 C:\wamp\www\framework\web\CWebApplication.php(282): CController->run('update')
#13 C:\wamp\www\framework\web\CWebApplication.php(141): CWebApplication->runController('plantas/update')
#14 C:\wamp\www\framework\base\CApplication.php(169): CWebApplication->processRequest()
#15 C:\wamp\www\RaizAPP\index.php(13): CApplication->run()
#16 {main}
REQUEST_URI=/RaizAPP/index.php?r=plantas/update&id=2
HTTP_REFERER=http://localhost:8086/RaizAPP/index.php?r=plantas/view&id=1
---
2015/04/12 18:48:17 [error] [php] Undefined variable: modeloPlantasPestes (C:\wamp\www\RaizAPP\protected\views\usuarios\view.php:60)
Stack trace:
#0 C:\wamp\www\framework\web\CController.php(869): UsuariosController->renderFile()
#1 C:\wamp\www\framework\web\CController.php(782): UsuariosController->renderPartial()
#2 C:\wamp\www\RaizAPP\protected\controllers\UsuariosController.php(55): UsuariosController->render()
#3 unknown(0): UsuariosController->actionView()
#4 C:\wamp\www\framework\web\actions\CAction.php(108): ReflectionMethod->invokeArgs()
#5 C:\wamp\www\framework\web\actions\CInlineAction.php(47): CInlineAction->runWithParamsInternal()
#6 C:\wamp\www\framework\web\CController.php(308): CInlineAction->runWithParams()
#7 C:\wamp\www\framework\web\filters\CFilterChain.php(133): UsuariosController->runAction()
#8 C:\wamp\www\framework\web\filters\CFilter.php(40): CFilterChain->run()
#9 C:\wamp\www\framework\web\CController.php(1145): CAccessControlFilter->filter()
#10 C:\wamp\www\framework\web\filters\CInlineFilter.php(58): UsuariosController->filterAccessControl()
#11 C:\wamp\www\framework\web\filters\CFilterChain.php(130): CInlineFilter->filter()
#12 C:\wamp\www\framework\web\CController.php(291): CFilterChain->run()
#13 C:\wamp\www\framework\web\CController.php(265): UsuariosController->runActionWithFilters()
#14 C:\wamp\www\framework\web\CWebApplication.php(282): UsuariosController->run()
#15 C:\wamp\www\framework\web\CWebApplication.php(141): CWebApplication->runController()
#16 C:\wamp\www\framework\base\CApplication.php(169): CWebApplication->processRequest()
#17 C:\wamp\www\RaizAPP\index.php(13): CWebApplication->run()
REQUEST_URI=/RaizAPP/index.php?r=usuarios/view&id=1
in C:\wamp\www\RaizAPP\protected\views\usuarios\view.php (60)
in C:\wamp\www\RaizAPP\protected\controllers\UsuariosController.php (55)
in C:\wamp\www\RaizAPP\index.php (13)
2015/04/12 18:48:24 [error] [php] Undefined variable: modeloPlantasPestes (C:\wamp\www\RaizAPP\protected\views\usuarios\view.php:82)
Stack trace:
#0 C:\wamp\www\framework\web\CController.php(869): UsuariosController->renderFile()
#1 C:\wamp\www\framework\web\CController.php(782): UsuariosController->renderPartial()
#2 C:\wamp\www\RaizAPP\protected\controllers\UsuariosController.php(55): UsuariosController->render()
#3 unknown(0): UsuariosController->actionView()
#4 C:\wamp\www\framework\web\actions\CAction.php(108): ReflectionMethod->invokeArgs()
#5 C:\wamp\www\framework\web\actions\CInlineAction.php(47): CInlineAction->runWithParamsInternal()
#6 C:\wamp\www\framework\web\CController.php(308): CInlineAction->runWithParams()
#7 C:\wamp\www\framework\web\filters\CFilterChain.php(133): UsuariosController->runAction()
#8 C:\wamp\www\framework\web\filters\CFilter.php(40): CFilterChain->run()
#9 C:\wamp\www\framework\web\CController.php(1145): CAccessControlFilter->filter()
#10 C:\wamp\www\framework\web\filters\CInlineFilter.php(58): UsuariosController->filterAccessControl()
#11 C:\wamp\www\framework\web\filters\CFilterChain.php(130): CInlineFilter->filter()
#12 C:\wamp\www\framework\web\CController.php(291): CFilterChain->run()
#13 C:\wamp\www\framework\web\CController.php(265): UsuariosController->runActionWithFilters()
#14 C:\wamp\www\framework\web\CWebApplication.php(282): UsuariosController->run()
#15 C:\wamp\www\framework\web\CWebApplication.php(141): CWebApplication->runController()
#16 C:\wamp\www\framework\base\CApplication.php(169): CWebApplication->processRequest()
#17 C:\wamp\www\RaizAPP\index.php(13): CWebApplication->run()
REQUEST_URI=/RaizAPP/index.php?r=usuarios/view&id=1
in C:\wamp\www\RaizAPP\protected\views\usuarios\view.php (82)
in C:\wamp\www\RaizAPP\protected\controllers\UsuariosController.php (55)
in C:\wamp\www\RaizAPP\index.php (13)
2015/04/12 18:50:29 [error] [exception.CException] exception 'CException' with message 'Propiedad "Cultivo"."Pestes_id" no se encuentra definida.' in C:\wamp\www\framework\base\CComponent.php:130
Stack trace:
#0 C:\wamp\www\framework\db\ar\CActiveRecord.php(143): CComponent->__get('Pestes_id')
#1 C:\wamp\www\framework\web\helpers\CHtml.php(2255): CActiveRecord->__get('Pestes_id')
#2 C:\wamp\www\framework\web\helpers\CHtml.php(1565): CHtml::resolveValue(Object(Cultivo), 'Pestes_id')
#3 C:\wamp\www\framework\web\widgets\CActiveForm.php(763): CHtml::activeDropDownList(Object(Cultivo), 'Pestes_id', Array, Array)
#4 [internal function]: CActiveForm->dropDownList(Object(Cultivo), 'Pestes_id', Array, Array)
#5 C:\wamp\www\RaizAPP\protected\extensions\bootstrap\widgets\TbActiveForm.php(1293): call_user_func_array(Array, Array)
#6 C:\wamp\www\RaizAPP\protected\extensions\bootstrap\widgets\TbActiveForm.php(1152): TbActiveForm->verticalGroup(Array, Object(Cultivo), 'Pestes_id', Array)
#7 C:\wamp\www\RaizAPP\protected\extensions\bootstrap\widgets\TbActiveForm.php(627): TbActiveForm->customFieldGroupInternal(Array, Object(Cultivo), 'Pestes_id', Array)
#8 C:\wamp\www\RaizAPP\protected\views\plantasPestes\_form.php(48): TbActiveForm->dropDownListGroup(Object(Cultivo), 'Pestes_id', Array)
#9 C:\wamp\www\framework\web\CBaseController.php(126): require('C:\\wamp\\www\\Rai...')
#10 C:\wamp\www\framework\web\CBaseController.php(95): CBaseController->renderInternal('C:\\wamp\\www\\Rai...', Array, true)
#11 C:\wamp\www\framework\web\CController.php(869): CBaseController->renderFile('C:\\wamp\\www\\Rai...', Array, true)
#12 C:\wamp\www\RaizAPP\protected\views\usuarios\view.php(60): CController->renderPartial('//plantasPestes...', Array)
#13 C:\wamp\www\framework\web\CBaseController.php(126): require('C:\\wamp\\www\\Rai...')
#14 C:\wamp\www\framework\web\CBaseController.php(95): CBaseController->renderInternal('C:\\wamp\\www\\Rai...', Array, true)
#15 C:\wamp\www\framework\web\CController.php(869): CBaseController->renderFile('C:\\wamp\\www\\Rai...', Array, true)
#16 C:\wamp\www\framework\web\CController.php(782): CController->renderPartial('view', Array, true)
#17 C:\wamp\www\RaizAPP\protected\controllers\UsuariosController.php(67): CController->render('view', Array)
#18 [internal function]: UsuariosController->actionView('1')
#19 C:\wamp\www\framework\web\actions\CAction.php(108): ReflectionMethod->invokeArgs(Object(UsuariosController), Array)
#20 C:\wamp\www\framework\web\actions\CInlineAction.php(47): CAction->runWithParamsInternal(Object(UsuariosController), Object(ReflectionMethod), Array)
#21 C:\wamp\www\framework\web\CController.php(308): CInlineAction->runWithParams(Array)
#22 C:\wamp\www\framework\web\filters\CFilterChain.php(133): CController->runAction(Object(CInlineAction))
#23 C:\wamp\www\framework\web\filters\CFilter.php(40): CFilterChain->run()
#24 C:\wamp\www\framework\web\CController.php(1145): CFilter->filter(Object(CFilterChain))
#25 C:\wamp\www\framework\web\filters\CInlineFilter.php(58): CController->filterAccessControl(Object(CFilterChain))
#26 C:\wamp\www\framework\web\filters\CFilterChain.php(130): CInlineFilter->filter(Object(CFilterChain))
#27 C:\wamp\www\framework\web\CController.php(291): CFilterChain->run()
#28 C:\wamp\www\framework\web\CController.php(265): CController->runActionWithFilters(Object(CInlineAction), Array)
#29 C:\wamp\www\framework\web\CWebApplication.php(282): CController->run('view')
#30 C:\wamp\www\framework\web\CWebApplication.php(141): CWebApplication->runController('usuarios/view')
#31 C:\wamp\www\framework\base\CApplication.php(169): CWebApplication->processRequest()
#32 C:\wamp\www\RaizAPP\index.php(13): CApplication->run()
#33 {main}
REQUEST_URI=/RaizAPP/index.php?r=usuarios/view&id=1
HTTP_REFERER=http://localhost:8086/RaizAPP/index.php?r=Usuarios/admin
---
2015/04/12 18:51:33 [error] [exception.CException] exception 'CException' with message 'Propiedad "Cultivo"."Pestes_id" no se encuentra definida.' in C:\wamp\www\framework\base\CComponent.php:130
Stack trace:
#0 C:\wamp\www\framework\db\ar\CActiveRecord.php(143): CComponent->__get('Pestes_id')
#1 C:\wamp\www\framework\web\helpers\CHtml.php(2255): CActiveRecord->__get('Pestes_id')
#2 C:\wamp\www\framework\web\helpers\CHtml.php(1565): CHtml::resolveValue(Object(Cultivo), 'Pestes_id')
#3 C:\wamp\www\framework\web\widgets\CActiveForm.php(763): CHtml::activeDropDownList(Object(Cultivo), 'Pestes_id', Array, Array)
#4 [internal function]: CActiveForm->dropDownList(Object(Cultivo), 'Pestes_id', Array, Array)
#5 C:\wamp\www\RaizAPP\protected\extensions\bootstrap\widgets\TbActiveForm.php(1293): call_user_func_array(Array, Array)
#6 C:\wamp\www\RaizAPP\protected\extensions\bootstrap\widgets\TbActiveForm.php(1152): TbActiveForm->verticalGroup(Array, Object(Cultivo), 'Pestes_id', Array)
#7 C:\wamp\www\RaizAPP\protected\extensions\bootstrap\widgets\TbActiveForm.php(627): TbActiveForm->customFieldGroupInternal(Array, Object(Cultivo), 'Pestes_id', Array)
#8 C:\wamp\www\RaizAPP\protected\views\plantasPestes\_form.php(48): TbActiveForm->dropDownListGroup(Object(Cultivo), 'Pestes_id', Array)
#9 C:\wamp\www\framework\web\CBaseController.php(126): require('C:\\wamp\\www\\Rai...')
#10 C:\wamp\www\framework\web\CBaseController.php(95): CBaseController->renderInternal('C:\\wamp\\www\\Rai...', Array, true)
#11 C:\wamp\www\framework\web\CController.php(869): CBaseController->renderFile('C:\\wamp\\www\\Rai...', Array, true)
#12 C:\wamp\www\RaizAPP\protected\views\usuarios\view.php(60): CController->renderPartial('//plantasPestes...', Array)
#13 C:\wamp\www\framework\web\CBaseController.php(126): require('C:\\wamp\\www\\Rai...')
#14 C:\wamp\www\framework\web\CBaseController.php(95): CBaseController->renderInternal('C:\\wamp\\www\\Rai...', Array, true)
#15 C:\wamp\www\framework\web\CController.php(869): CBaseController->renderFile('C:\\wamp\\www\\Rai...', Array, true)
#16 C:\wamp\www\framework\web\CController.php(782): CController->renderPartial('view', Array, true)
#17 C:\wamp\www\RaizAPP\protected\controllers\UsuariosController.php(67): CController->render('view', Array)
#18 [internal function]: UsuariosController->actionView('1')
#19 C:\wamp\www\framework\web\actions\CAction.php(108): ReflectionMethod->invokeArgs(Object(UsuariosController), Array)
#20 C:\wamp\www\framework\web\actions\CInlineAction.php(47): CAction->runWithParamsInternal(Object(UsuariosController), Object(ReflectionMethod), Array)
#21 C:\wamp\www\framework\web\CController.php(308): CInlineAction->runWithParams(Array)
#22 C:\wamp\www\framework\web\filters\CFilterChain.php(133): CController->runAction(Object(CInlineAction))
#23 C:\wamp\www\framework\web\filters\CFilter.php(40): CFilterChain->run()
#24 C:\wamp\www\framework\web\CController.php(1145): CFilter->filter(Object(CFilterChain))
#25 C:\wamp\www\framework\web\filters\CInlineFilter.php(58): CController->filterAccessControl(Object(CFilterChain))
#26 C:\wamp\www\framework\web\filters\CFilterChain.php(130): CInlineFilter->filter(Object(CFilterChain))
#27 C:\wamp\www\framework\web\CController.php(291): CFilterChain->run()
#28 C:\wamp\www\framework\web\CController.php(265): CController->runActionWithFilters(Object(CInlineAction), Array)
#29 C:\wamp\www\framework\web\CWebApplication.php(282): CController->run('view')
#30 C:\wamp\www\framework\web\CWebApplication.php(141): CWebApplication->runController('usuarios/view')
#31 C:\wamp\www\framework\base\CApplication.php(169): CWebApplication->processRequest()
#32 C:\wamp\www\RaizAPP\index.php(13): CApplication->run()
#33 {main}
REQUEST_URI=/RaizAPP/index.php?r=usuarios/view&id=1
---
2015/04/12 18:53:39 [error] [exception.CHttpException.404] exception 'CHttpException' with message 'The requested page does not exist.' in C:\wamp\www\RaizAPP\protected\controllers\UsuariosController.php:172
Stack trace:
#0 C:\wamp\www\RaizAPP\protected\controllers\UsuariosController.php(65): UsuariosController->loadModel('2')
#1 [internal function]: UsuariosController->actionView('2')
#2 C:\wamp\www\framework\web\actions\CAction.php(108): ReflectionMethod->invokeArgs(Object(UsuariosController), Array)
#3 C:\wamp\www\framework\web\actions\CInlineAction.php(47): CAction->runWithParamsInternal(Object(UsuariosController), Object(ReflectionMethod), Array)
#4 C:\wamp\www\framework\web\CController.php(308): CInlineAction->runWithParams(Array)
#5 C:\wamp\www\framework\web\filters\CFilterChain.php(133): CController->runAction(Object(CInlineAction))
#6 C:\wamp\www\framework\web\filters\CFilter.php(40): CFilterChain->run()
#7 C:\wamp\www\framework\web\CController.php(1145): CFilter->filter(Object(CFilterChain))
#8 C:\wamp\www\framework\web\filters\CInlineFilter.php(58): CController->filterAccessControl(Object(CFilterChain))
#9 C:\wamp\www\framework\web\filters\CFilterChain.php(130): CInlineFilter->filter(Object(CFilterChain))
#10 C:\wamp\www\framework\web\CController.php(291): CFilterChain->run()
#11 C:\wamp\www\framework\web\CController.php(265): CController->runActionWithFilters(Object(CInlineAction), Array)
#12 C:\wamp\www\framework\web\CWebApplication.php(282): CController->run('view')
#13 C:\wamp\www\framework\web\CWebApplication.php(141): CWebApplication->runController('usuarios/view')
#14 C:\wamp\www\framework\base\CApplication.php(169): CWebApplication->processRequest()
#15 C:\wamp\www\RaizAPP\index.php(13): CApplication->run()
#16 {main}
REQUEST_URI=/RaizAPP/index.php?r=usuarios/view&id=2
HTTP_REFERER=http://localhost:8086/RaizAPP/index.php?r=usuarios/view&id=1
---
